running egg_info
creating ../../build/ros2_python_pkg/ros2_python_pkg.egg-info
writing ../../build/ros2_python_pkg/ros2_python_pkg.egg-info/PKG-INFO
writing dependency_links to ../../build/ros2_python_pkg/ros2_python_pkg.egg-info/dependency_links.txt
writing entry points to ../../build/ros2_python_pkg/ros2_python_pkg.egg-info/entry_points.txt
writing requirements to ../../build/ros2_python_pkg/ros2_python_pkg.egg-info/requires.txt
writing top-level names to ../../build/ros2_python_pkg/ros2_python_pkg.egg-info/top_level.txt
writing manifest file '../../build/ros2_python_pkg/ros2_python_pkg.egg-info/SOURCES.txt'
reading manifest file '../../build/ros2_python_pkg/ros2_python_pkg.egg-info/SOURCES.txt'
writing manifest file '../../build/ros2_python_pkg/ros2_python_pkg.egg-info/SOURCES.txt'
running build
running build_py
creating /home/cclab/ROS2_tutorial/build/ros2_python_pkg/build
creating /home/cclab/ROS2_tutorial/build/ros2_python_pkg/build/lib
creating /home/cclab/ROS2_tutorial/build/ros2_python_pkg/build/lib/ros2_python_pkg
copying ros2_python_pkg/__init__.py -> /home/cclab/ROS2_tutorial/build/ros2_python_pkg/build/lib/ros2_python_pkg
copying ros2_python_pkg/day1_simple_publisher.py -> /home/cclab/ROS2_tutorial/build/ros2_python_pkg/build/lib/ros2_python_pkg
running install
running install_lib
creating /home/cclab/ROS2_tutorial/install/ros2_python_pkg/lib/python3.12/site-packages/ros2_python_pkg
copying /home/cclab/ROS2_tutorial/build/ros2_python_pkg/build/lib/ros2_python_pkg/__init__.py -> /home/cclab/ROS2_tutorial/install/ros2_python_pkg/lib/python3.12/site-packages/ros2_python_pkg
copying /home/cclab/ROS2_tutorial/build/ros2_python_pkg/build/lib/ros2_python_pkg/day1_simple_publisher.py -> /home/cclab/ROS2_tutorial/install/ros2_python_pkg/lib/python3.12/site-packages/ros2_python_pkg
byte-compiling /home/cclab/ROS2_tutorial/install/ros2_python_pkg/lib/python3.12/site-packages/ros2_python_pkg/__init__.py to __init__.cpython-312.pyc
byte-compiling /home/cclab/ROS2_tutorial/install/ros2_python_pkg/lib/python3.12/site-packages/ros2_python_pkg/day1_simple_publisher.py to day1_simple_publisher.cpython-312.pyc
running install_data
creating /home/cclab/ROS2_tutorial/install/ros2_python_pkg/share/ament_index
creating /home/cclab/ROS2_tutorial/install/ros2_python_pkg/share/ament_index/resource_index
creating /home/cclab/ROS2_tutorial/install/ros2_python_pkg/share/ament_index/resource_index/packages
copying resource/ros2_python_pkg -> /home/cclab/ROS2_tutorial/install/ros2_python_pkg/share/ament_index/resource_index/packages
copying package.xml -> /home/cclab/ROS2_tutorial/install/ros2_python_pkg/share/ros2_python_pkg
running install_egg_info
Copying ../../build/ros2_python_pkg/ros2_python_pkg.egg-info to /home/cclab/ROS2_tutorial/install/ros2_python_pkg/lib/python3.12/site-packages/ros2_python_pkg-0.0.0-py3.12.egg-info
running install_scripts
Installing simple_publisher script to /home/cclab/ROS2_tutorial/install/ros2_python_pkg/lib/ros2_python_pkg
writing list of installed files to '/home/cclab/ROS2_tutorial/build/ros2_python_pkg/install.log'
