[0.008s] Invoking command in '/home/cclab/ROS2_tutorial/build/ros2_cpp_pkg': CMAKE_PREFIX_PATH=${CMAKE_PREFIX_PATH}:/home/cclab/ROS2_tutorial/install/ros2_python_pkg:/opt/ros/jazzy /usr/bin/cmake --build /home/cclab/ROS2_tutorial/build/ros2_cpp_pkg -- -j16 -l16
[0.149s] Invoked command in '/home/cclab/ROS2_tutorial/build/ros2_cpp_pkg' returned '0': CMAKE_PREFIX_PATH=${CMAKE_PREFIX_PATH}:/home/cclab/ROS2_tutorial/install/ros2_python_pkg:/opt/ros/jazzy /usr/bin/cmake --build /home/cclab/ROS2_tutorial/build/ros2_cpp_pkg -- -j16 -l16
[0.154s] Invoking command in '/home/cclab/ROS2_tutorial/build/ros2_cpp_pkg': CMAKE_PREFIX_PATH=${CMAKE_PREFIX_PATH}:/home/cclab/ROS2_tutorial/install/ros2_python_pkg:/opt/ros/jazzy /usr/bin/cmake --install /home/cclab/ROS2_tutorial/build/ros2_cpp_pkg
[0.158s] -- Install configuration: ""
[0.158s] -- Up-to-date: /home/cclab/ROS2_tutorial/install/ros2_cpp_pkg/share/ament_index/resource_index/package_run_dependencies/ros2_cpp_pkg
[0.158s] -- Up-to-date: /home/cclab/ROS2_tutorial/install/ros2_cpp_pkg/share/ament_index/resource_index/parent_prefix_path/ros2_cpp_pkg
[0.159s] -- Up-to-date: /home/cclab/ROS2_tutorial/install/ros2_cpp_pkg/share/ros2_cpp_pkg/environment/ament_prefix_path.sh
[0.159s] -- Up-to-date: /home/cclab/ROS2_tutorial/install/ros2_cpp_pkg/share/ros2_cpp_pkg/environment/ament_prefix_path.dsv
[0.159s] -- Up-to-date: /home/cclab/ROS2_tutorial/install/ros2_cpp_pkg/share/ros2_cpp_pkg/environment/path.sh
[0.159s] -- Up-to-date: /home/cclab/ROS2_tutorial/install/ros2_cpp_pkg/share/ros2_cpp_pkg/environment/path.dsv
[0.159s] -- Up-to-date: /home/cclab/ROS2_tutorial/install/ros2_cpp_pkg/share/ros2_cpp_pkg/local_setup.bash
[0.159s] -- Up-to-date: /home/cclab/ROS2_tutorial/install/ros2_cpp_pkg/share/ros2_cpp_pkg/local_setup.sh
[0.159s] -- Up-to-date: /home/cclab/ROS2_tutorial/install/ros2_cpp_pkg/share/ros2_cpp_pkg/local_setup.zsh
[0.159s] -- Up-to-date: /home/cclab/ROS2_tutorial/install/ros2_cpp_pkg/share/ros2_cpp_pkg/local_setup.dsv
[0.159s] -- Up-to-date: /home/cclab/ROS2_tutorial/install/ros2_cpp_pkg/share/ros2_cpp_pkg/package.dsv
[0.159s] -- Up-to-date: /home/cclab/ROS2_tutorial/install/ros2_cpp_pkg/share/ament_index/resource_index/packages/ros2_cpp_pkg
[0.159s] -- Up-to-date: /home/cclab/ROS2_tutorial/install/ros2_cpp_pkg/share/ros2_cpp_pkg/cmake/ros2_cpp_pkgConfig.cmake
[0.159s] -- Up-to-date: /home/cclab/ROS2_tutorial/install/ros2_cpp_pkg/share/ros2_cpp_pkg/cmake/ros2_cpp_pkgConfig-version.cmake
[0.159s] -- Up-to-date: /home/cclab/ROS2_tutorial/install/ros2_cpp_pkg/share/ros2_cpp_pkg/package.xml
[0.160s] Invoked command in '/home/cclab/ROS2_tutorial/build/ros2_cpp_pkg' returned '0': CMAKE_PREFIX_PATH=${CMAKE_PREFIX_PATH}:/home/cclab/ROS2_tutorial/install/ros2_python_pkg:/opt/ros/jazzy /usr/bin/cmake --install /home/cclab/ROS2_tutorial/build/ros2_cpp_pkg
