running egg_info
writing ../../build/ros2_python_pkg/ros2_python_pkg.egg-info/PKG-INFO
writing dependency_links to ../../build/ros2_python_pkg/ros2_python_pkg.egg-info/dependency_links.txt
writing entry points to ../../build/ros2_python_pkg/ros2_python_pkg.egg-info/entry_points.txt
writing requirements to ../../build/ros2_python_pkg/ros2_python_pkg.egg-info/requires.txt
writing top-level names to ../../build/ros2_python_pkg/ros2_python_pkg.egg-info/top_level.txt
reading manifest file '../../build/ros2_python_pkg/ros2_python_pkg.egg-info/SOURCES.txt'
writing manifest file '../../build/ros2_python_pkg/ros2_python_pkg.egg-info/SOURCES.txt'
running build
running build_py
copying ros2_python_pkg/day1_simple_publisher.py -> /home/cclab/ROS2_tutorial/build/ros2_python_pkg/build/lib/ros2_python_pkg
running install
running install_lib
copying /home/cclab/ROS2_tutorial/build/ros2_python_pkg/build/lib/ros2_python_pkg/day1_simple_publisher.py -> /home/cclab/ROS2_tutorial/install/ros2_python_pkg/lib/python3.12/site-packages/ros2_python_pkg
byte-compiling /home/cclab/ROS2_tutorial/install/ros2_python_pkg/lib/python3.12/site-packages/ros2_python_pkg/day1_simple_publisher.py to day1_simple_publisher.cpython-312.pyc
running install_data
running install_egg_info
removing '/home/cclab/ROS2_tutorial/install/ros2_python_pkg/lib/python3.12/site-packages/ros2_python_pkg-0.0.0-py3.12.egg-info' (and everything under it)
Copying ../../build/ros2_python_pkg/ros2_python_pkg.egg-info to /home/cclab/ROS2_tutorial/install/ros2_python_pkg/lib/python3.12/site-packages/ros2_python_pkg-0.0.0-py3.12.egg-info
running install_scripts
Installing simple_publisher script to /home/cclab/ROS2_tutorial/install/ros2_python_pkg/lib/ros2_python_pkg
writing list of installed files to '/home/cclab/ROS2_tutorial/build/ros2_python_pkg/install.log'
