[0.489s] Invoking command in '/home/cclab/ROS2_tutorial/src/ros2_python_pkg': PYTHONPATH=/home/cclab/ROS2_tutorial/build/ros2_python_pkg/prefix_override:/usr/lib/python3/dist-packages/colcon_core/task/python/colcon_distutils_commands:/home/cclab/ROS2_tutorial/install/ros2_python_pkg/lib/python3.12/site-packages:${PYTHONPATH} /usr/bin/python3 -W ignore:setup.py install is deprecated -W ignore:easy_install command is deprecated setup.py egg_info --egg-base ../../build/ros2_python_pkg build --build-base /home/cclab/ROS2_tutorial/build/ros2_python_pkg/build install --record /home/cclab/ROS2_tutorial/build/ros2_python_pkg/install.log --single-version-externally-managed install_data
[0.649s] running egg_info
[0.660s] writing ../../build/ros2_python_pkg/ros2_python_pkg.egg-info/PKG-INFO
[0.660s] writing dependency_links to ../../build/ros2_python_pkg/ros2_python_pkg.egg-info/dependency_links.txt
[0.660s] writing entry points to ../../build/ros2_python_pkg/ros2_python_pkg.egg-info/entry_points.txt
[0.661s] writing requirements to ../../build/ros2_python_pkg/ros2_python_pkg.egg-info/requires.txt
[0.661s] writing top-level names to ../../build/ros2_python_pkg/ros2_python_pkg.egg-info/top_level.txt
[0.685s] reading manifest file '../../build/ros2_python_pkg/ros2_python_pkg.egg-info/SOURCES.txt'
[0.685s] writing manifest file '../../build/ros2_python_pkg/ros2_python_pkg.egg-info/SOURCES.txt'
[0.686s] running build
[0.686s] running build_py
[0.686s] copying ros2_python_pkg/day1_simple_publisher.py -> /home/cclab/ROS2_tutorial/build/ros2_python_pkg/build/lib/ros2_python_pkg
[0.686s] running install
[0.690s] running install_lib
[0.703s] copying /home/cclab/ROS2_tutorial/build/ros2_python_pkg/build/lib/ros2_python_pkg/day1_simple_publisher.py -> /home/cclab/ROS2_tutorial/install/ros2_python_pkg/lib/python3.12/site-packages/ros2_python_pkg
[0.703s] byte-compiling /home/cclab/ROS2_tutorial/install/ros2_python_pkg/lib/python3.12/site-packages/ros2_python_pkg/day1_simple_publisher.py to day1_simple_publisher.cpython-312.pyc
[0.703s] running install_data
[0.704s] running install_egg_info
[0.716s] removing '/home/cclab/ROS2_tutorial/install/ros2_python_pkg/lib/python3.12/site-packages/ros2_python_pkg-0.0.0-py3.12.egg-info' (and everything under it)
[0.716s] Copying ../../build/ros2_python_pkg/ros2_python_pkg.egg-info to /home/cclab/ROS2_tutorial/install/ros2_python_pkg/lib/python3.12/site-packages/ros2_python_pkg-0.0.0-py3.12.egg-info
[0.717s] running install_scripts
[0.794s] Installing simple_publisher script to /home/cclab/ROS2_tutorial/install/ros2_python_pkg/lib/ros2_python_pkg
[0.794s] writing list of installed files to '/home/cclab/ROS2_tutorial/build/ros2_python_pkg/install.log'
[0.811s] Invoked command in '/home/cclab/ROS2_tutorial/src/ros2_python_pkg' returned '0': PYTHONPATH=/home/cclab/ROS2_tutorial/build/ros2_python_pkg/prefix_override:/usr/lib/python3/dist-packages/colcon_core/task/python/colcon_distutils_commands:/home/cclab/ROS2_tutorial/install/ros2_python_pkg/lib/python3.12/site-packages:${PYTHONPATH} /usr/bin/python3 -W ignore:setup.py install is deprecated -W ignore:easy_install command is deprecated setup.py egg_info --egg-base ../../build/ros2_python_pkg build --build-base /home/cclab/ROS2_tutorial/build/ros2_python_pkg/build install --record /home/cclab/ROS2_tutorial/build/ros2_python_pkg/install.log --single-version-externally-managed install_data
