[0.009s] Invoking command in '/home/cclab/ROS2_tutorial/build/ros2_cpp_pkg': CMAKE_PREFIX_PATH=${CMAKE_PREFIX_PATH}:/opt/ros/jazzy /usr/bin/cmake /home/cclab/ROS2_tutorial/src/ros2_cpp_pkg -DCMAKE_INSTALL_PREFIX=/home/cclab/ROS2_tutorial/install/ros2_cpp_pkg
[0.641s] -- The C compiler identification is GNU 13.3.0
[0.706s] -- The CXX compiler identification is GNU 13.3.0
[0.818s] -- Detecting C compiler ABI info
[1.110s] -- Detecting C compiler ABI info - done
[1.122s] -- Check for working C compiler: /usr/bin/cc - skipped
[1.123s] -- Detecting C compile features
[1.139s] -- Detecting C compile features - done
[1.191s] -- Detecting CXX compiler ABI info
[1.307s] -- Detecting CXX compiler ABI info - done
[1.313s] -- Check for working CXX compiler: /usr/bin/c++ - skipped
[1.313s] -- Detecting CXX compile features
[1.313s] -- Detecting CXX compile features - done
[1.341s] -- Found ament_cmake: 2.5.3 (/opt/ros/jazzy/share/ament_cmake/cmake)
[1.473s] -- Found Python3: /usr/bin/python3 (found version "3.12.3") found components: Interpreter 
[1.583s] -- Found ament_lint_auto: 0.17.1 (/opt/ros/jazzy/share/ament_lint_auto/cmake)
[1.662s] -- Added test 'lint_cmake' to check CMake code style
[1.663s] -- Added test 'xmllint' to check XML markup files
[1.664s] -- Configuring done (1.3s)
[1.665s] -- Generating done (0.0s)
[1.681s] -- Build files have been written to: /home/cclab/ROS2_tutorial/build/ros2_cpp_pkg
[1.685s] Invoked command in '/home/cclab/ROS2_tutorial/build/ros2_cpp_pkg' returned '0': CMAKE_PREFIX_PATH=${CMAKE_PREFIX_PATH}:/opt/ros/jazzy /usr/bin/cmake /home/cclab/ROS2_tutorial/src/ros2_cpp_pkg -DCMAKE_INSTALL_PREFIX=/home/cclab/ROS2_tutorial/install/ros2_cpp_pkg
[1.686s] Invoking command in '/home/cclab/ROS2_tutorial/build/ros2_cpp_pkg': CMAKE_PREFIX_PATH=${CMAKE_PREFIX_PATH}:/opt/ros/jazzy /usr/bin/cmake --build /home/cclab/ROS2_tutorial/build/ros2_cpp_pkg -- -j16 -l16
[1.721s] Invoked command in '/home/cclab/ROS2_tutorial/build/ros2_cpp_pkg' returned '0': CMAKE_PREFIX_PATH=${CMAKE_PREFIX_PATH}:/opt/ros/jazzy /usr/bin/cmake --build /home/cclab/ROS2_tutorial/build/ros2_cpp_pkg -- -j16 -l16
[1.729s] Invoking command in '/home/cclab/ROS2_tutorial/build/ros2_cpp_pkg': CMAKE_PREFIX_PATH=${CMAKE_PREFIX_PATH}:/opt/ros/jazzy /usr/bin/cmake --install /home/cclab/ROS2_tutorial/build/ros2_cpp_pkg
[1.733s] -- Install configuration: ""
[1.733s] -- Installing: /home/cclab/ROS2_tutorial/install/ros2_cpp_pkg/share/ament_index/resource_index/package_run_dependencies/ros2_cpp_pkg
[1.733s] -- Installing: /home/cclab/ROS2_tutorial/install/ros2_cpp_pkg/share/ament_index/resource_index/parent_prefix_path/ros2_cpp_pkg
[1.733s] -- Installing: /home/cclab/ROS2_tutorial/install/ros2_cpp_pkg/share/ros2_cpp_pkg/environment/ament_prefix_path.sh
[1.733s] -- Installing: /home/cclab/ROS2_tutorial/install/ros2_cpp_pkg/share/ros2_cpp_pkg/environment/ament_prefix_path.dsv
[1.733s] -- Installing: /home/cclab/ROS2_tutorial/install/ros2_cpp_pkg/share/ros2_cpp_pkg/environment/path.sh
[1.734s] -- Installing: /home/cclab/ROS2_tutorial/install/ros2_cpp_pkg/share/ros2_cpp_pkg/environment/path.dsv
[1.734s] -- Installing: /home/cclab/ROS2_tutorial/install/ros2_cpp_pkg/share/ros2_cpp_pkg/local_setup.bash
[1.734s] -- Installing: /home/cclab/ROS2_tutorial/install/ros2_cpp_pkg/share/ros2_cpp_pkg/local_setup.sh
[1.734s] -- Installing: /home/cclab/ROS2_tutorial/install/ros2_cpp_pkg/share/ros2_cpp_pkg/local_setup.zsh
[1.734s] -- Installing: /home/cclab/ROS2_tutorial/install/ros2_cpp_pkg/share/ros2_cpp_pkg/local_setup.dsv
[1.734s] -- Installing: /home/cclab/ROS2_tutorial/install/ros2_cpp_pkg/share/ros2_cpp_pkg/package.dsv
[1.734s] -- Installing: /home/cclab/ROS2_tutorial/install/ros2_cpp_pkg/share/ament_index/resource_index/packages/ros2_cpp_pkg
[1.734s] -- Installing: /home/cclab/ROS2_tutorial/install/ros2_cpp_pkg/share/ros2_cpp_pkg/cmake/ros2_cpp_pkgConfig.cmake
[1.734s] -- Installing: /home/cclab/ROS2_tutorial/install/ros2_cpp_pkg/share/ros2_cpp_pkg/cmake/ros2_cpp_pkgConfig-version.cmake
[1.734s] -- Installing: /home/cclab/ROS2_tutorial/install/ros2_cpp_pkg/share/ros2_cpp_pkg/package.xml
[1.735s] Invoked command in '/home/cclab/ROS2_tutorial/build/ros2_cpp_pkg' returned '0': CMAKE_PREFIX_PATH=${CMAKE_PREFIX_PATH}:/opt/ros/jazzy /usr/bin/cmake --install /home/cclab/ROS2_tutorial/build/ros2_cpp_pkg
